#
# There is insufficient memory for the Java Runtime Environment to continue.
# Native memory allocation (malloc) failed to allocate 1092096 bytes for Chunk::new
# Possible reasons:
#   The system is out of physical RAM or swap space
#   In 32 bit mode, the process size limit was hit
# Possible solutions:
#   Reduce memory load on the system
#   Increase physical memory or swap space
#   Check if swap backing store is full
#   Use 64 bit Java on a 64 bit OS
#   Decrease Java heap size (-Xmx/-Xms)
#   Decrease number of Java threads
#   Decrease Java thread stack sizes (-Xss)
#   Set larger code cache with -XX:ReservedCodeCacheSize=
# This output file may be truncated or incomplete.
#
#  Out of Memory Error (allocation.cpp:390), pid=11268, tid=0x00000000000046d0
#
# JRE version: OpenJDK Runtime Environment (8.0_152-b01) (build 1.8.0_152-release-915-b01)
# Java VM: OpenJDK 64-Bit Server VM (25.152-b01 mixed mode windows-amd64 compressed oops)
# Failed to write core dump. Minidumps are not enabled by default on client versions of Windows
#

---------------  T H R E A D  ---------------

Current thread (0x00000000195dd800):  JavaThread "C2 CompilerThread0" daemon [_thread_in_native, id=18128, stack(0x0000000019da0000,0x0000000019ea0000)]

Stack: [0x0000000019da0000,0x0000000019ea0000]
[error occurred during error reporting (printing stack bounds), id 0xc0000005]

Native frames: (J=compiled Java code, j=interpreted, Vv=VM code, C=native code)


Current CompileTask:
C2:  19735 4280       4       org.gradle.model.internal.type.ModelType::wrap (219 bytes)


---------------  P R O C E S S  ---------------

Java Threads: ( => current thread )
  0x000000001fdef000 JavaThread "Memory manager" [_thread_blocked, id=13364, stack(0x0000000022fc0000,0x00000000230c0000)]
  0x000000001fdee000 JavaThread "pool-1-thread-1" [_thread_blocked, id=10072, stack(0x0000000022cc0000,0x0000000022dc0000)]
  0x000000001fdf1000 JavaThread "build operations Thread 8" [_thread_blocked, id=13092, stack(0x00000000227c0000,0x00000000228c0000)]
  0x000000001fde9800 JavaThread "build operations Thread 7" [_thread_blocked, id=11868, stack(0x00000000226c0000,0x00000000227c0000)]
  0x000000001fdec000 JavaThread "build operations Thread 6" [_thread_blocked, id=17736, stack(0x00000000225c0000,0x00000000226c0000)]
  0x000000001fa3d000 JavaThread "build operations Thread 5" [_thread_blocked, id=11052, stack(0x00000000224c0000,0x00000000225c0000)]
  0x000000001fa3c000 JavaThread "build operations Thread 4" [_thread_blocked, id=22472, stack(0x00000000223c0000,0x00000000224c0000)]
  0x000000001fa3b800 JavaThread "build operations Thread 3" [_thread_blocked, id=3260, stack(0x00000000222c0000,0x00000000223c0000)]
  0x000000001fa38800 JavaThread "build operations Thread 2" [_thread_blocked, id=2060, stack(0x00000000221c0000,0x00000000222c0000)]
  0x000000001fa37800 JavaThread "build operations" [_thread_blocked, id=4716, stack(0x00000000220c0000,0x00000000221c0000)]
  0x000000001fa3a000 JavaThread "Cache worker for Artifact transforms cache (C:\Users\venkatesh\.gradle\caches\transforms-1)" [_thread_blocked, id=9916, stack(0x00000000217c0000,0x00000000218c0000)]
  0x000000001aa43000 JavaThread "Cache worker for file hash cache (E:\desktop\Rtctrack\.gradle\4.1\fileHashes)" [_thread_blocked, id=20356, stack(0x000000001e0c0000,0x000000001e1c0000)]
  0x000000001aa46800 JavaThread "File lock request listener" [_thread_in_native, id=8988, stack(0x000000001ddc0000,0x000000001dec0000)]
  0x000000001b14c000 JavaThread "Cache worker for file hash cache (C:\Users\venkatesh\.gradle\caches\4.1\fileHashes)" [_thread_blocked, id=9456, stack(0x000000001dcc0000,0x000000001ddc0000)]
  0x000000001a76f000 JavaThread "Stdin handler" [_thread_blocked, id=1508, stack(0x000000001dac0000,0x000000001dbc0000)]
  0x000000001a76c800 JavaThread "Asynchronous log dispatcher for DefaultDaemonConnection: socket connection from /127.0.0.1:62132 to /127.0.0.1:62135" [_thread_blocked, id=15252, stack(0x000000001d9c0000,0x000000001dac0000)]
  0x000000001b644800 JavaThread "Daemon worker" [_thread_in_native, id=8684, stack(0x000000001d8c0000,0x000000001d9c0000)]
  0x000000001b644000 JavaThread "Cancel handler" [_thread_blocked, id=1232, stack(0x000000001d7c0000,0x000000001d8c0000)]
  0x000000001b339800 JavaThread "Handler for socket connection from /127.0.0.1:62132 to /127.0.0.1:62135" [_thread_in_native, id=3192, stack(0x000000001d4c0000,0x000000001d5c0000)]
  0x0000000019702800 JavaThread "Daemon" [_thread_blocked, id=14024, stack(0x000000001d3c0000,0x000000001d4c0000)]
  0x00000000197c9000 JavaThread "Daemon periodic checks" [_thread_blocked, id=9132, stack(0x000000001d2c0000,0x000000001d3c0000)]
  0x000000001b285000 JavaThread "Incoming local TCP Connector on port 62132" [_thread_in_native, id=4544, stack(0x000000001d080000,0x000000001d180000)]
  0x00000000176be800 JavaThread "Service Thread" daemon [_thread_blocked, id=14972, stack(0x000000001a1a0000,0x000000001a2a0000)]
  0x00000000195e9000 JavaThread "C1 CompilerThread3" daemon [_thread_blocked, id=9432, stack(0x000000001a0a0000,0x000000001a1a0000)]
  0x00000000176b9800 JavaThread "C2 CompilerThread2" daemon [_thread_blocked, id=19432, stack(0x0000000019fa0000,0x000000001a0a0000)]
  0x00000000195e1800 JavaThread "C2 CompilerThread1" daemon [_thread_in_native, id=10848, stack(0x0000000019ea0000,0x0000000019fa0000)]
=>0x00000000195dd800 JavaThread "C2 CompilerThread0" daemon [_thread_in_native, id=18128, stack(0x0000000019da0000,0x0000000019ea0000)]
  0x00000000195e6000 JavaThread "Attach Listener" daemon [_thread_blocked, id=8812, stack(0x0000000019ca0000,0x0000000019da0000)]
  0x00000000195e5000 JavaThread "Signal Dispatcher" daemon [_thread_blocked, id=2280, stack(0x0000000019ba0000,0x0000000019ca0000)]
  0x0000000004b8e800 JavaThread "Finalizer" daemon [_thread_blocked, id=6060, stack(0x00000000199b0000,0x0000000019ab0000)]
  0x0000000004b85000 JavaThread "Reference Handler" daemon [_thread_blocked, id=14948, stack(0x00000000194b0000,0x00000000195b0000)]
  0x00000000048ed800 JavaThread "main" [_thread_blocked, id=9508, stack(0x0000000004990000,0x0000000004a90000)]

Other Threads:
  0x00000000176a7800 VMThread [stack: 0x00000000193b0000,0x00000000194b0000] [id=6088]
  0x0000000019632800 WatcherThread [stack: 0x000000001a2a0000,0x000000001a3a0000] [id=12140]

VM state:not at safepoint (normal execution)

VM Mutex/Monitor currently owned by a thread: None

Heap:
 PSYoungGen      total 86528K, used 61450K [0x00000000eab00000, 0x00000000f2780000, 0x0000000100000000)
  eden space 75264K, 81% used [0x00000000eab00000,0x00000000ee702a58,0x00000000ef480000)
  from space 11264K, 0% used [0x00000000ef480000,0x00000000ef480000,0x00000000eff80000)
  to   space 12288K, 0% used [0x00000000f1b80000,0x00000000f1b80000,0x00000000f2780000)
 ParOldGen       total 65024K, used 16369K [0x00000000c0000000, 0x00000000c3f80000, 0x00000000eab00000)
  object space 65024K, 25% used [0x00000000c0000000,0x00000000c0ffc638,0x00000000c3f80000)
 Metaspace       used 39624K, capacity 40362K, committed 40536K, reserved 1083392K
  class space    used 5324K, capacity 5656K, committed 5760K, reserved 1048576K

Card table byte_map: [0x0000000013f50000,0x0000000014160000] byte_map_base: 0x0000000013950000

Marking Bits: (ParMarkBitMap*) 0x00000000559a3950
 Begin Bits: [0x0000000014ac0000, 0x0000000015ac0000)
 End Bits:   [0x0000000015ac0000, 0x0000000016ac0000)

Polling page: 0x00000000031d0000

CodeCache: size=245760Kb used=14528Kb max_used=14741Kb free=231231Kb
 bounds [0x0000000004b90000, 0x0000000005a10000, 0x0000000013b90000]
 total_blobs=4791 nmethods=4073 adapters=631
 compilation: enabled

Compilation events (10 events):
Event: 19.703 Thread 0x00000000195e9000 nmethod 4435 0x0000000005436bd0 code [0x0000000005436d60, 0x00000000054370e8]
Event: 19.703 Thread 0x00000000195e9000 4436   !   3       java.util.jar.Manifest::parseName (84 bytes)
Event: 19.703 Thread 0x00000000195e9000 nmethod 4436 0x0000000005174250 code [0x0000000005174420, 0x0000000005174c08]
Event: 19.703 Thread 0x00000000195e9000 4437       3       java.util.jar.Attributes::size (10 bytes)
Event: 19.703 Thread 0x00000000195e9000 nmethod 4437 0x0000000004d2df50 code [0x0000000004d2e0c0, 0x0000000004d2e2e8]
Event: 19.706 Thread 0x00000000176b9800 nmethod 4433 0x0000000005416ad0 code [0x0000000005416c20, 0x0000000005416f78]
Event: 19.706 Thread 0x00000000176b9800 4434       4       sun.nio.cs.UTF_8$Decoder::decode (779 bytes)
Event: 19.709 Thread 0x00000000176b9800 nmethod 4434 0x0000000005416550 code [0x00000000054166a0, 0x00000000054168d8]
Event: 19.715 Thread 0x00000000195e9000 4438       3       java.lang.CharacterDataLatin1::isWhitespace (23 bytes)
Event: 19.716 Thread 0x00000000195e9000 nmethod 4438 0x0000000005173d50 code [0x0000000005173ec0, 0x0000000005174110]

GC Heap History (10 events):
Event: 14.642 GC heap before
{Heap before GC invocations=7 (full 1):
 PSYoungGen      total 37888K, used 36332K [0x00000000eab00000, 0x00000000eef00000, 0x0000000100000000)
  eden space 32768K, 100% used [0x00000000eab00000,0x00000000ecb00000,0x00000000ecb00000)
  from space 5120K, 69% used [0x00000000ecb00000,0x00000000ece7b300,0x00000000ed000000)
  to   space 11264K, 0% used [0x00000000ee400000,0x00000000ee400000,0x00000000eef00000)
 ParOldGen       total 65024K, used 8971K [0x00000000c0000000, 0x00000000c3f80000, 0x00000000eab00000)
  object space 65024K, 13% used [0x00000000c0000000,0x00000000c08c2d70,0x00000000c3f80000)
 Metaspace       used 26182K, capacity 26734K, committed 26880K, reserved 1073152K
  class space    used 3552K, capacity 3750K, committed 3840K, reserved 1048576K
Event: 14.654 GC heap after
Heap after GC invocations=7 (full 1):
 PSYoungGen      total 59392K, used 5234K [0x00000000eab00000, 0x00000000ef100000, 0x0000000100000000)
  eden space 48128K, 0% used [0x00000000eab00000,0x00000000eab00000,0x00000000eda00000)
  from space 11264K, 46% used [0x00000000ee400000,0x00000000ee91cac0,0x00000000eef00000)
  to   space 10240K, 0% used [0x00000000eda00000,0x00000000eda00000,0x00000000ee400000)
 ParOldGen       total 65024K, used 8971K [0x00000000c0000000, 0x00000000c3f80000, 0x00000000eab00000)
  object space 65024K, 13% used [0x00000000c0000000,0x00000000c08c2d70,0x00000000c3f80000)
 Metaspace       used 26182K, capacity 26734K, committed 26880K, reserved 1073152K
  class space    used 3552K, capacity 3750K, committed 3840K, reserved 1048576K
}
Event: 15.844 GC heap before
{Heap before GC invocations=8 (full 1):
 PSYoungGen      total 59392K, used 53362K [0x00000000eab00000, 0x00000000ef100000, 0x0000000100000000)
  eden space 48128K, 100% used [0x00000000eab00000,0x00000000eda00000,0x00000000eda00000)
  from space 11264K, 46% used [0x00000000ee400000,0x00000000ee91cac0,0x00000000eef00000)
  to   space 10240K, 0% used [0x00000000eda00000,0x00000000eda00000,0x00000000ee400000)
 ParOldGen       total 65024K, used 8971K [0x00000000c0000000, 0x00000000c3f80000, 0x00000000eab00000)
  object space 65024K, 13% used [0x00000000c0000000,0x00000000c08c2d70,0x00000000c3f80000)
 Metaspace       used 29100K, capacity 29738K, committed 29952K, reserved 1075200K
  class space    used 4092K, capacity 4324K, committed 4352K, reserved 1048576K
Event: 15.859 GC heap after
Heap after GC invocations=8 (full 1):
 PSYoungGen      total 58368K, used 8592K [0x00000000eab00000, 0x00000000f0b80000, 0x0000000100000000)
  eden space 48128K, 0% used [0x00000000eab00000,0x00000000eab00000,0x00000000eda00000)
  from space 10240K, 83% used [0x00000000eda00000,0x00000000ee264048,0x00000000ee400000)
  to   space 11264K, 0% used [0x00000000f0080000,0x00000000f0080000,0x00000000f0b80000)
 ParOldGen       total 65024K, used 8979K [0x00000000c0000000, 0x00000000c3f80000, 0x00000000eab00000)
  object space 65024K, 13% used [0x00000000c0000000,0x00000000c08c4d70,0x00000000c3f80000)
 Metaspace       used 29100K, capacity 29738K, committed 29952K, reserved 1075200K
  class space    used 4092K, capacity 4324K, committed 4352K, reserved 1048576K
}
Event: 16.785 GC heap before
{Heap before GC invocations=9 (full 1):
 PSYoungGen      total 58368K, used 56720K [0x00000000eab00000, 0x00000000f0b80000, 0x0000000100000000)
  eden space 48128K, 100% used [0x00000000eab00000,0x00000000eda00000,0x00000000eda00000)
  from space 10240K, 83% used [0x00000000eda00000,0x00000000ee264048,0x00000000ee400000)
  to   space 11264K, 0% used [0x00000000f0080000,0x00000000f0080000,0x00000000f0b80000)
 ParOldGen       total 65024K, used 8979K [0x00000000c0000000, 0x00000000c3f80000, 0x00000000eab00000)
  object space 65024K, 13% used [0x00000000c0000000,0x00000000c08c4d70,0x00000000c3f80000)
 Metaspace       used 31456K, capacity 32106K, committed 32256K, reserved 1077248K
  class space    used 4318K, capacity 4580K, committed 4608K, reserved 1048576K
Event: 16.792 GC heap after
Heap after GC invocations=9 (full 1):
 PSYoungGen      total 85504K, used 7930K [0x00000000eab00000, 0x00000000f0a80000, 0x0000000100000000)
  eden space 75264K, 0% used [0x00000000eab00000,0x00000000eab00000,0x00000000ef480000)
  from space 10240K, 77% used [0x00000000f0080000,0x00000000f083ebc8,0x00000000f0a80000)
  to   space 11264K, 0% used [0x00000000ef480000,0x00000000ef480000,0x00000000eff80000)
 ParOldGen       total 65024K, used 8987K [0x00000000c0000000, 0x00000000c3f80000, 0x00000000eab00000)
  object space 65024K, 13% used [0x00000000c0000000,0x00000000c08c6d70,0x00000000c3f80000)
 Metaspace       used 31456K, capacity 32106K, committed 32256K, reserved 1077248K
  class space    used 4318K, capacity 4580K, committed 4608K, reserved 1048576K
}
Event: 18.104 GC heap before
{Heap before GC invocations=10 (full 1):
 PSYoungGen      total 85504K, used 43020K [0x00000000eab00000, 0x00000000f0a80000, 0x0000000100000000)
  eden space 75264K, 46% used [0x00000000eab00000,0x00000000ecd44610,0x00000000ef480000)
  from space 10240K, 77% used [0x00000000f0080000,0x00000000f083ebc8,0x00000000f0a80000)
  to   space 11264K, 0% used [0x00000000ef480000,0x00000000ef480000,0x00000000eff80000)
 ParOldGen       total 65024K, used 8987K [0x00000000c0000000, 0x00000000c3f80000, 0x00000000eab00000)
  object space 65024K, 13% used [0x00000000c0000000,0x00000000c08c6d70,0x00000000c3f80000)
 Metaspace       used 34487K, capacity 35240K, committed 35416K, reserved 1079296K
  class space    used 4702K, capacity 4970K, committed 4992K, reserved 1048576K
Event: 18.126 GC heap after
Heap after GC invocations=10 (full 1):
 PSYoungGen      total 86528K, used 10330K [0x00000000eab00000, 0x00000000f2780000, 0x0000000100000000)
  eden space 75264K, 0% used [0x00000000eab00000,0x00000000eab00000,0x00000000ef480000)
  from space 11264K, 91% used [0x00000000ef480000,0x00000000efe96b88,0x00000000eff80000)
  to   space 12288K, 0% used [0x00000000f1b80000,0x00000000f1b80000,0x00000000f2780000)
 ParOldGen       total 65024K, used 9059K [0x00000000c0000000, 0x00000000c3f80000, 0x00000000eab00000)
  object space 65024K, 13% used [0x00000000c0000000,0x00000000c08d8d80,0x00000000c3f80000)
 Metaspace       used 34487K, capacity 35240K, committed 35416K, reserved 1079296K
  class space    used 4702K, capacity 4970K, committed 4992K, reserved 1048576K
}
Event: 18.126 GC heap before
{Heap before GC invocations=11 (full 2):
 PSYoungGen      total 86528K, used 10330K [0x00000000eab00000, 0x00000000f2780000, 0x0000000100000000)
  eden space 75264K, 0% used [0x00000000eab00000,0x00000000eab00000,0x00000000ef480000)
  from space 11264K, 91% used [0x00000000ef480000,0x00000000efe96b88,0x00000000eff80000)
  to   space 12288K, 0% used [0x00000000f1b80000,0x00000000f1b80000,0x00000000f2780000)
 ParOldGen       total 65024K, used 9059K [0x00000000c0000000, 0x00000000c3f80000, 0x00000000eab00000)
  object space 65024K, 13% used [0x00000000c0000000,0x00000000c08d8d80,0x00000000c3f80000)
 Metaspace       used 34487K, capacity 35240K, committed 35416K, reserved 1079296K
  class space    used 4702K, capacity 4970K, committed 4992K, reserved 1048576K
Event: 18.258 GC heap after
Heap after GC invocations=11 (full 2):
 PSYoungGen      total 86528K, used 0K [0x00000000eab00000, 0x00000000f2780000, 0x0000000100000000)
  eden space 75264K, 0% used [0x00000000eab00000,0x00000000eab00000,0x00000000ef480000)
  from space 11264K, 0% used [0x00000000ef480000,0x00000000ef480000,0x00000000eff80000)
  to   space 12288K, 0% used [0x00000000f1b80000,0x00000000f1b80000,0x00000000f2780000)
 ParOldGen       total 65024K, used 16369K [0x00000000c0000000, 0x00000000c3f80000, 0x00000000eab00000)
  object space 65024K, 25% used [0x00000000c0000000,0x00000000c0ffc638,0x00000000c3f80000)
 Metaspace       used 34487K, capacity 35240K, committed 35416K, reserved 1079296K
  class space    used 4702K, capacity 4970K, committed 4992K, reserved 1048576K
}

Deoptimization events (10 events):
Event: 19.273 Thread 0x000000001b644800 Uncommon trap: reason=unstable_if action=reinterpret pc=0x0000000004e8d404 method=java.util.HashMap.resize()[Ljava/util/HashMap$Node; @ 206
Event: 19.281 Thread 0x000000001b644800 Uncommon trap: reason=class_check action=maybe_recompile pc=0x0000000004d15898 method=java.util.HashMap.removeNode(ILjava/lang/Object;Ljava/lang/Object;ZZ)Ljava/util/HashMap$Node; @ 68
Event: 19.296 Thread 0x000000001b644800 Uncommon trap: reason=unstable_if action=reinterpret pc=0x0000000004d15840 method=java.util.HashMap.removeNode(ILjava/lang/Object;Ljava/lang/Object;ZZ)Ljava/util/HashMap$Node; @ 97
Event: 19.305 Thread 0x000000001b644800 Uncommon trap: reason=class_check action=maybe_recompile pc=0x00000000057a4d44 method=java.util.HashMap.removeNode(ILjava/lang/Object;Ljava/lang/Object;ZZ)Ljava/util/HashMap$Node; @ 68
Event: 19.370 Thread 0x000000001b644800 Uncommon trap: reason=unstable_if action=reinterpret pc=0x000000000592b844 method=java.lang.reflect.Modifier.toString(I)Ljava/lang/String; @ 123
Event: 19.370 Thread 0x000000001b644800 Uncommon trap: reason=unstable_if action=reinterpret pc=0x0000000005900784 method=java.lang.reflect.Modifier.toString(I)Ljava/lang/String; @ 123
Event: 19.376 Thread 0x000000001b644800 Uncommon trap: reason=unstable_if action=reinterpret pc=0x00000000057a4d0c method=java.util.HashMap.removeNode(ILjava/lang/Object;Ljava/lang/Object;ZZ)Ljava/util/HashMap$Node; @ 133
Event: 19.536 Thread 0x000000001b644800 Uncommon trap: reason=unstable_if action=reinterpret pc=0x0000000004e8c028 method=java.lang.ThreadLocal.get()Ljava/lang/Object; @ 11
Event: 19.702 Thread 0x000000001b644800 Uncommon trap: reason=bimorphic action=maybe_recompile pc=0x00000000050bd1b8 method=java.util.Hashtable.get(Ljava/lang/Object;)Ljava/lang/Object; @ 6
Event: 19.713 Thread 0x000000001b644800 Uncommon trap: reason=unstable_if action=reinterpret pc=0x0000000004caa63c method=java.lang.CharacterDataLatin1.isWhitespace(I)Z @ 14

Classes redefined (0 events):
No events

Internal exceptions (10 events):
Event: 17.640 Thread 0x000000001b644800 Exception <a 'java/lang/ClassNotFoundException': org/gradle/api/AntBuilderBeanInfo> (0x00000000ec968998) thrown at [D:\src\AOSP-openjdk-cygwin\jdk8u\hotspot\src\share\vm\classfile\systemDictionary.cpp, line 210]
Event: 17.641 Thread 0x000000001b644800 Exception <a 'java/lang/ClassNotFoundException': groovy/util/AntBuilderBeanInfo> (0x00000000ec987d20) thrown at [D:\src\AOSP-openjdk-cygwin\jdk8u\hotspot\src\share\vm\classfile\systemDictionary.cpp, line 210]
Event: 17.642 Thread 0x000000001b644800 Exception <a 'java/lang/ClassNotFoundException': groovy/util/BuilderSupportBeanInfo> (0x00000000ec9a85d0) thrown at [D:\src\AOSP-openjdk-cygwin\jdk8u\hotspot\src\share\vm\classfile\systemDictionary.cpp, line 210]
Event: 17.643 Thread 0x000000001b644800 Exception <a 'java/lang/ClassNotFoundException': groovy/util/BuilderSupportCustomizer> (0x00000000ec9cad58) thrown at [D:\src\AOSP-openjdk-cygwin\jdk8u\hotspot\src\share\vm\classfile\systemDictionary.cpp, line 210]
Event: 17.645 Thread 0x000000001b644800 Exception <a 'java/lang/ClassNotFoundException': groovy/util/AntBuilderCustomizer> (0x00000000ec9ee290) thrown at [D:\src\AOSP-openjdk-cygwin\jdk8u\hotspot\src\share\vm\classfile\systemDictionary.cpp, line 210]
Event: 17.646 Thread 0x000000001b644800 Exception <a 'java/lang/ClassNotFoundException': org/gradle/api/AntBuilderCustomizer> (0x00000000eca16a18) thrown at [D:\src\AOSP-openjdk-cygwin\jdk8u\hotspot\src\share\vm\classfile\systemDictionary.cpp, line 210]
Event: 17.650 Thread 0x000000001b644800 Exception <a 'java/lang/ClassNotFoundException': org/gradle/api/internal/project/ant/BasicAntBuilderCustomizer> (0x00000000eca532c0) thrown at [D:\src\AOSP-openjdk-cygwin\jdk8u\hotspot\src\share\vm\classfile\systemDictionary.cpp, line 210]
Event: 17.651 Thread 0x000000001b644800 Exception <a 'java/lang/ClassNotFoundException': org/gradle/api/internal/project/DefaultAntBuilderCustomizer> (0x00000000eca96938) thrown at [D:\src\AOSP-openjdk-cygwin\jdk8u\hotspot\src\share\vm\classfile\systemDictionary.cpp, line 210]
Event: 18.917 Thread 0x000000001b644800 Exception <a 'sun/nio/fs/WindowsException'> (0x00000000eb1ee980) thrown at [D:\src\AOSP-openjdk-cygwin\jdk8u\hotspot\src\share\vm\prims\jni.cpp, line 709]
Event: 19.536 Thread 0x000000001b644800 Implicit null exception at 0x0000000004e8bee8 to 0x0000000004e8c019

Events (10 events):
Event: 19.715 loading class sun/text/normalizer/NormalizerBase$QuickCheckResult
Event: 19.715 loading class sun/text/normalizer/NormalizerBase$QuickCheckResult done
Event: 19.715 loading class sun/text/normalizer/NormalizerBase$1
Event: 19.715 loading class sun/text/normalizer/NormalizerBase$1 done
Event: 19.715 loading class sun/security/util/KeyUtil
Event: 19.716 loading class sun/security/util/KeyUtil done
Event: 19.716 loading class sun/security/util/Length
Event: 19.716 loading class sun/security/util/Length done
Event: 19.716 loading class javax/crypto/SecretKey
Event: 19.728 loading class javax/security/auth/Destroyable


Dynamic libraries:
0x00007ff78ba30000 - 0x00007ff78ba61000 	D:\Program Files (x86)\jre\bin\java.exe
0x00007fffe2720000 - 0x00007fffe2900000 	C:\WINDOWS\SYSTEM32\ntdll.dll
0x00007fffe12e0000 - 0x00007fffe138e000 	C:\WINDOWS\System32\KERNEL32.DLL
0x00007fffdf8e0000 - 0x00007fffdfb46000 	C:\WINDOWS\System32\KERNELBASE.dll
0x00007fffe18d0000 - 0x00007fffe1971000 	C:\WINDOWS\System32\ADVAPI32.dll
0x00007fffe24d0000 - 0x00007fffe256d000 	C:\WINDOWS\System32\msvcrt.dll
0x00007fffe1280000 - 0x00007fffe12db000 	C:\WINDOWS\System32\sechost.dll
0x00007fffe1780000 - 0x00007fffe189f000 	C:\WINDOWS\System32\RPCRT4.dll
0x00007fffe1570000 - 0x00007fffe16ff000 	C:\WINDOWS\System32\USER32.dll
0x00007fffdfb50000 - 0x00007fffdfb70000 	C:\WINDOWS\System32\win32u.dll
0x00007fffe1390000 - 0x00007fffe13b8000 	C:\WINDOWS\System32\GDI32.dll
0x00007fffdf470000 - 0x00007fffdf603000 	C:\WINDOWS\System32\gdi32full.dll
0x00007fffdec20000 - 0x00007fffdecbb000 	C:\WINDOWS\System32\msvcp_win.dll
0x00007fffdeb20000 - 0x00007fffdec16000 	C:\WINDOWS\System32\ucrtbase.dll
0x00007fffd3310000 - 0x00007fffd3579000 	C:\WINDOWS\WinSxS\amd64_microsoft.windows.common-controls_6595b64144ccf1df_6.0.16299.192_none_15c8cdae9364c23b\COMCTL32.dll
0x00007fffe1d10000 - 0x00007fffe2018000 	C:\WINDOWS\System32\combase.dll
0x00007fffdfb70000 - 0x00007fffdfbe2000 	C:\WINDOWS\System32\bcryptPrimitives.dll
0x00007fffe1540000 - 0x00007fffe156d000 	C:\WINDOWS\System32\IMM32.DLL
0x0000000055020000 - 0x00000000550f2000 	D:\Program Files (x86)\jre\jre\bin\msvcr100.dll
0x00000000551e0000 - 0x0000000055a1e000 	D:\Program Files (x86)\jre\jre\bin\server\jvm.dll
0x00007fffe1d00000 - 0x00007fffe1d08000 	C:\WINDOWS\System32\PSAPI.DLL
0x00007fffd8860000 - 0x00007fffd8883000 	C:\WINDOWS\SYSTEM32\WINMM.dll
0x00007fffd8b50000 - 0x00007fffd8b5a000 	C:\WINDOWS\SYSTEM32\VERSION.dll
0x00007fffd8830000 - 0x00007fffd885a000 	C:\WINDOWS\SYSTEM32\winmmbase.dll
0x00007fffdf610000 - 0x00007fffdf65a000 	C:\WINDOWS\System32\cfgmgr32.dll
0x00007fffcea70000 - 0x00007fffcea79000 	C:\WINDOWS\SYSTEM32\WSOCK32.dll
0x00007fffe2680000 - 0x00007fffe26ec000 	C:\WINDOWS\System32\ws2_32.DLL
0x00007fffdae50000 - 0x00007fffdae5f000 	D:\Program Files (x86)\jre\jre\bin\verify.dll
0x00007fffd3680000 - 0x00007fffd36a9000 	D:\Program Files (x86)\jre\jre\bin\java.dll
0x00007fffcccd0000 - 0x00007fffccce6000 	D:\Program Files (x86)\jre\jre\bin\zip.dll
0x00007fffdfbf0000 - 0x00007fffe1026000 	C:\WINDOWS\System32\SHELL32.dll
0x00007fffe1490000 - 0x00007fffe1536000 	C:\WINDOWS\System32\shcore.dll
0x00007fffded20000 - 0x00007fffdf467000 	C:\WINDOWS\System32\windows.storage.dll
0x00007fffe2470000 - 0x00007fffe24c1000 	C:\WINDOWS\System32\shlwapi.dll
0x00007fffdeae0000 - 0x00007fffdeaf1000 	C:\WINDOWS\System32\kernel.appcore.dll
0x00007fffdea90000 - 0x00007fffdeadc000 	C:\WINDOWS\System32\powrprof.dll
0x00007fffdeb00000 - 0x00007fffdeb1b000 	C:\WINDOWS\System32\profapi.dll
0x00007fffcb440000 - 0x00007fffcb45a000 	D:\Program Files (x86)\jre\jre\bin\net.dll
0x00007fffde300000 - 0x00007fffde366000 	C:\WINDOWS\system32\mswsock.dll
0x00007fffbf900000 - 0x00007fffbf911000 	D:\Program Files (x86)\jre\jre\bin\nio.dll
0x00007fffd8780000 - 0x00007fffd879e000 	C:\Users\venkatesh\.gradle\native\25\windows-amd64\native-platform.dll
0x00007fffd9150000 - 0x00007fffd915d000 	D:\Program Files (x86)\jre\jre\bin\management.dll
0x00007fffde4c0000 - 0x00007fffde4d7000 	C:\WINDOWS\SYSTEM32\CRYPTSP.dll
0x00007fffddf10000 - 0x00007fffddf43000 	C:\WINDOWS\system32\rsaenh.dll
0x00007fffde5d0000 - 0x00007fffde5f5000 	C:\WINDOWS\SYSTEM32\bcrypt.dll
0x00007fffde9a0000 - 0x00007fffde9c9000 	C:\WINDOWS\SYSTEM32\USERENV.dll
0x00007fffde4e0000 - 0x00007fffde4eb000 	C:\WINDOWS\SYSTEM32\CRYPTBASE.dll
0x00007fffde090000 - 0x00007fffde0c9000 	C:\WINDOWS\SYSTEM32\IPHLPAPI.DLL
0x00007fffe18c0000 - 0x00007fffe18c8000 	C:\WINDOWS\System32\NSI.dll
0x00007fffd8c30000 - 0x00007fffd8c46000 	C:\WINDOWS\SYSTEM32\dhcpcsvc6.DLL
0x00007fffd9120000 - 0x00007fffd913a000 	C:\WINDOWS\SYSTEM32\dhcpcsvc.DLL

VM Arguments:
jvm_args: -Xmx1024m -Dfile.encoding=windows-1252 -Duser.country=IN -Duser.language=en -Duser.variant 
java_command: org.gradle.launcher.daemon.bootstrap.GradleDaemon 4.1
java_class_path (initial): C:\Users\venkatesh\.gradle\wrapper\dists\gradle-4.1-all\bzyivzo6n839fup2jbap0tjew\gradle-4.1\lib\gradle-launcher-4.1.jar
Launcher Type: SUN_STANDARD

Environment Variables:
PATH=C:\ProgramData\Oracle\Java\javapath;C:\Program Files (x86)\Intel\iCLS Client\;C:\Program Files\Intel\iCLS Client\;C:\Windows\system32;C:\Windows;C:\Windows\System32\Wbem;C:\Windows\System32\WindowsPowerShell\v1.0\;C:\Program Files (x86)\Intel\Intel(R) Management Engine Components\DAL;C:\Program Files\Intel\Intel(R) Management Engine Components\DAL;C:\Program Files (x86)\Intel\Intel(R) Management Engine Components\IPT;C:\Program Files\Intel\Intel(R) Management Engine Components\IPT;C:\Program Files\Intel\WiFi\bin\;C:\Program Files\Common Files\Intel\WirelessCommon\;C:\Program Files (x86)\NVIDIA Corporation\PhysX\Common;C:\WINDOWS\system32;C:\WINDOWS;C:\WINDOWS\System32\Wbem;C:\WINDOWS\System32\WindowsPowerShell\v1.0\;C:\Program Files (x86)\GtkSharp\2.12\bin;C:\Program Files\PuTTY\;C:\Users\venkatesh\AppData\Local\Microsoft\WindowsApps;
USERNAME=venkatesh
OS=Windows_NT
PROCESSOR_IDENTIFIER=Intel64 Family 6 Model 158 Stepping 9, GenuineIntel



---------------  S Y S T E M  ---------------

OS: Windows 10.0 , 64 bit Build 16299 (10.0.16299.15)

CPU:total 8 (initial active 8) (4 cores per cpu, 2 threads per core) family 6 model 158 stepping 9, cmov, cx8, fxsr, mmx, sse, sse2, sse3, ssse3, sse4.1, sse4.2, popcnt, avx, avx2, aes, clmul, erms, 3dnowpref, lzcnt, ht, tsc, tscinvbit, bmi1, bmi2, adx

Memory: 4k page, physical 8247248k(421972k free), swap 21845196k(5324k free)

vm_info: OpenJDK 64-Bit Server VM (25.152-b01) for windows-amd64 JRE (1.8.0_152-release-915-b01), built by "builder" with MS VC++ 10.0 (VS2010)

time: Wed Feb 07 17:24:33 2018
elapsed time: 19 seconds (0d 0h 0m 19s)

